[       0](PE2) CORE2 CPUUsage is started.
[     106](PE1) CORE1 CPUUsage is started.

[DBG]Time(0-1000) Page1 [CORE1]
tskid:cpuusage
   01: 0.000
   02: 0.000
   03: 0.000
   04: 0.000
   05: 0.000
   07: 0.167
   08: 4.301
   09: 0.844
   10: 0.133
   11: 0.169

[DBG]Time(0-1000) Page2 [CORE1]
tskid:cpuusage
   12: 0.177
   13: 0.207
   14:22.518
   15: 0.101
   17: 0.000
   19: 0.070
   20: 0.000
   21: 0.190
   27: 0.231

[DBG]Time(0-1000) Page1 [CORE2]
tskid:cpuusage
   07: 0.181
   09: 0.131
   22:14.137
   23: 2.216
   24: 0.000
   25: 0.000
   27: 0.231
   28: 1.016
   29: 0.126
   30: 0.554

[DBG]Time(0-1000) Page2 [CORE2]
tskid:cpuusage
   31: 0.000
   32: 0.136
   33: 0.607
   34: 3.148
[    1124](PE1) [pe1-a]CORE1 CPU using rate is 33.54%
[    1124](PE2) [pe2-a]CORE2 CPU using rate is 25.69%

[DBG]Time(1000-2000) Page1 [CORE1]
tskid:cpuusage
   01: 0.000
   02: 0.000
   03: 0.000
   04: 0.000
   05: 0.000
   07: 0.171
   08: 4.703
   09: 7.166
   10: 0.104
   11: 0.361

[DBG]Time(1000-2000) Page2 [CORE1]
tskid:cpuusage
   12: 0.198
   13: 0.240
   14: 1.100
   15: 0.151
   17: 0.000
   19: 0.115
   20: 0.000
   21: 0.118
   27: 0.186

[DBG]Time(1000-2000) Page1 [CORE2]
tskid:cpuusage
   07: 0.183
   09: 0.163
   22: 7.407
   23: 4.276
   24: 0.000
   25: 0.000
   27: 0.231
   28: 1.087
   29: 0.190
   30:23.185

[DBG]Time(1000-2000) Page2 [CORE2]
tskid:cpuusage
   31: 0.000
   32: 0.222
   33: 0.858
   34: 7.029
[    2124](PE1) [pe1-a]CORE1 CPU using rate is 33.92%
[    2124](PE2) [pe2-a]CORE2 CPU using rate is 35.42%

[DBG]Time(2000-3000) Page1 [CORE1]
tskid:cpuusage
   01: 0.000
   02: 0.000
   03: 0.000
   04: 0.000
   05: 0.000
   07: 0.174
   08: 4.690
   09: 5.039
   10: 0.128
   11: 0.369

[DBG]Time(2000-3000) Page2 [CORE1]
tskid:cpuusage
   12: 0.200
   13: 0.244
   14: 1.234
   15: 0.152
   17: 0.000
   19: 0.117
   20: 0.000
   21: 0.118
   27: 0.213

[DBG]Time(2000-3000) Page1 [CORE2]
tskid:cpuusage
   07: 0.181
   09: 0.519
   22:38.426
   23:29.866
   24: 0.000
   25: 0.000
   27: 0.257
   28: 1.080
   29: 0.189
   30: 6.237

[DBG]Time(2000-3000) Page2 [CORE2]
tskid:cpuusage
   31: 0.000
   32: 0.224
   33: 0.951
   34: 6.409
[    3124](PE1) [pe1-a]CORE1 CPU using rate is 34.23%
[    3124](PE2) [pe2-a]CORE2 CPU using rate is 42.82%

[DBG]Time(3000-4000) Page1 [CORE1]
tskid:cpuusage
   01: 0.000
   02: 0.000
   03: 0.000
   04: 0.000
   05: 0.000
   07: 0.178
   08: 4.653
   09: 7.263
   10: 0.097
   11: 0.373

[DBG]Time(3000-4000) Page2 [CORE1]
tskid:cpuusage
   12: 0.200
   13: 0.321
   14: 1.235
   15: 0.158
   17: 0.000
   19: 0.123
   20: 0.000
   21: 0.148
   27: 0.188

[DBG]Time(3000-4000) Page1 [CORE2]
tskid:cpuusage
   07: 0.181
   09: 0.226
   22: 2.726
   23: 3.539
   24: 0.000
   25: 0.000
   27: 0.225
   28: 1.079
   29: 0.186
   30: 7.653

[DBG]Time(3000-4000) Page2 [CORE2]
tskid:cpuusage
   31: 0.000
   32: 0.220
   33: 0.942
   34: 6.259
[    4124](PE1) [pe1-a]CORE1 CPU using rate is 34.11%
[    4124](PE2) [pe2-a]CORE2 CPU using rate is 26.77%

[DBG]Time(4000-5000) Page1 [CORE1]
tskid:cpuusage
   01: 0.000
   02: 0.000
   03: 0.000
   04: 0.000
   05: 0.000
   07: 0.187
   08: 4.904
   09: 7.314
   10: 0.108
   11: 0.388

[DBG]Time(4000-5000) Page2 [CORE1]
tskid:cpuusage
   12: 0.205
   13: 0.270
   14: 1.354
   15: 0.155
   17: 0.000
   19: 0.118
   20: 0.000
   21: 0.297
   27: 0.195

[DBG]Time(4000-5000) Page1 [CORE2]
tskid:cpuusage
   07: 0.186
   09: 0.267
   22: 2.847
   23: 2.669
   24: 0.000
   25: 0.000
   27: 0.231
   28: 1.100
   29: 0.190
   30: 7.493

[DBG]Time(4000-5000) Page2 [CORE2]
tskid:cpuusage
   31: 0.000
   32: 0.340
   33: 0.960
   34: 6.436
[    5124](PE1) [pe1-a]CORE1 CPU using rate is 34.50%
[    5124](PE2) [pe2-a]CORE2 CPU using rate is 25.98%

[DBG]Time(5000-6000) Page1 [CORE1]
tskid:cpuusage
   01: 0.000
   02: 0.000
   03: 0.000
   04: 0.000
   05: 0.000
   07: 0.175
   08: 4.654
   09: 7.182
   10: 0.098
   11: 0.370

[DBG]Time(5000-6000) Page2 [CORE1]
tskid:cpuusage
   12: 0.233
   13: 0.254
   14: 1.551
   15: 0.186
   17: 0.000
   19: 0.184
   20: 0.000
   21: 0.117
   27: 0.187

[DBG]Time(5000-6000) Page1 [CORE2]
tskid:cpuusage
   07: 0.181
   09: 0.238
   22: 3.052
   23: 4.507
   24: 0.000
   25: 0.000
   27: 0.226
   28: 1.082
   29: 0.185
   30: 7.529

[DBG]Time(5000-6001) Page2 [CORE2]
tskid:cpuusage
   31: 0.000
   32: 0.220
   33: 0.941
   34: 8.476
[    6124](PE1) [pe1-a]CORE1 CPU using rate is 33.85%
[    6124](PE2) [pe2-a]CORE2 CPU using rate is 27.19%

[DBG]Time(6000-7000) Page1 [CORE1]
tskid:cpuusage
   01: 0.000
   02: 0.000
   03: 0.000
   04: 0.000
   05: 0.000
   07: 0.178
   08: 4.708
   09: 6.921
   10: 0.456
   11: 0.379

[DBG]Time(6000-7000) Page2 [CORE1]
tskid:cpuusage
   12: 0.211
   13: 0.256
   14: 1.909
   15: 0.180
   17: 0.000
   19: 0.161
   20: 0.004
   21: 0.118
   27: 0.208

[DBG]Time(6000-7000) Page1 [CORE2]
tskid:cpuusage
   07: 0.182
   09: 0.247
   22: 3.931
   23: 3.177
   24: 0.000
   25: 0.000
   27: 0.242
   28: 1.081
   29: 3.852
   30: 7.925

[DBG]Time(6000-7000) Page2 [CORE2]
tskid:cpuusage
   31: 0.000
   32: 0.222
   33: 0.960
   34: 7.918
[    7124](PE1) [pe1-a]CORE1 CPU using rate is 29.90%
[    7124](PE2) [pe2-a]CORE2 CPU using rate is 31.85%

[DBG]Time(7000-8000) Page1 [CORE1]
tskid:cpuusage
   01: 0.000
   02: 0.000
   03: 0.000
   04: 0.000
   05: 0.000
   07: 0.176
   08: 4.701
   09: 7.062
   10: 0.215
   11: 0.378

[DBG]Time(7000-8000) Page2 [CORE1]
tskid:cpuusage
   12: 0.211
   13: 0.244
   14: 1.757
   15: 0.166
   17: 0.000
   19: 0.140
   20: 0.000
   21: 0.125
   27: 0.199

[DBG]Time(7000-8000) Page1 [CORE2]
tskid:cpuusage
   07: 0.182
   09: 0.277
   22: 3.084
   23: 4.509
   24: 0.000
   25: 0.030
   27: 0.237
   28: 1.077
   29: 3.223
   30: 7.715

[DBG]Time(7000-8000) Page2 [CORE2]
tskid:cpuusage
   31: 0.000
   32: 0.222
   33: 0.959
   34: 7.068
[    8124](PE1) [pe1-a]CORE1 CPU using rate is 29.08%
[    8124](PE2) [pe2-a]CORE2 CPU using rate is 31.01%

[DBG]Time(8000-9000) Page1 [CORE1]
tskid:cpuusage
   01: 0.000
   02: 0.000
   03: 0.000
   04: 0.000
   05: 0.000
   07: 0.177
   08: 4.694
   09: 6.932
   10: 0.235
   11: 0.375

[DBG]Time(8000-9000) Page2 [CORE1]
tskid:cpuusage
   12: 0.239
   13: 0.241
   14: 1.857
   15: 0.196
   17: 0.000
   19: 0.176
   20: 0.000
   21: 0.119
   27: 0.198

[DBG]Time(8000-9000) Page1 [CORE2]
tskid:cpuusage
   07: 0.182
   09: 0.164
   22: 3.213
   23: 2.936
   24: 0.000
   25: 0.013
   27: 0.238
   28: 1.078
   29: 3.308
   30: 7.659

[DBG]Time(8000-9000) Page2 [CORE2]
tskid:cpuusage
   31: 0.000
   32: 0.222
   33: 0.960
   34: 7.311
[    9124](PE1) [pe1-a]CORE1 CPU using rate is 29.22%
[    9124](PE2) [pe2-a]CORE2 CPU using rate is 30.46%

[DBG]Time(9000-10000) Page1 [CORE1]
tskid:cpuusage
   01: 0.000
   02: 0.000
   03: 0.000
   04: 0.000
   05: 0.000
   07: 0.176
   08: 4.693
   09: 7.091
   10: 0.252
   11: 0.378

[DBG]Time(9000-10000) Page2 [CORE1]
tskid:cpuusage
   12: 0.458
   13: 0.245
   14: 2.158
   15: 0.314
   17: 0.000
   19: 0.263
   20: 0.000
   21: 0.119
   27: 0.194

[DBG]Time(9000-10000) Page1 [CORE2]
tskid:cpuusage
   07: 0.182
   09: 0.211
   22: 3.050
   23: 3.884
   24: 0.000
   25: 0.000
   27: 0.237
   28: 1.077
   29: 3.080
   30: 7.663

[DBG]Time(9000-10000) Page2 [CORE2]
tskid:cpuusage
   31: 0.000
   32: 0.338
   33: 0.958
   34: 6.727
[   10124](PE1) [pe1-a]CORE1 CPU using rate is 29.14%
[   10124](PE2) [pe2-a]CORE2 CPU using rate is 30.35%

[DBG]Time(10000-11000) Page1 [CORE1]
tskid:cpuusage
   01: 0.000
   02: 0.000
   03: 0.000
   04: 0.000
   05: 0.000
   07: 0.181
   08: 4.958
   09: 7.095
   10: 0.255
   11: 0.396

[DBG]Time(10000-11000) Page2 [CORE1]
tskid:cpuusage
   12: 0.280
   13: 0.253
   14: 2.333
   15: 0.298
   17: 0.000
   19: 0.204
   20: 0.000
   21: 0.123
   27: 0.194

[DBG]Time(10000-11000) Page1 [CORE2]
tskid:cpuusage
   07: 0.185
   09: 0.314
   22: 2.869
   23: 2.921
   24: 0.000
   25: 0.000
   27: 0.242
   28: 1.098
   29: 3.094
   30: 7.659

[DBG]Time(10000-11000) Page2 [CORE2]
tskid:cpuusage
   31: 0.000
   32: 0.225
   33: 0.983
   34: 6.327
[   11124](PE1) [pe1-a]CORE1 CPU using rate is 29.51%
[   11124](PE2) [pe2-a]CORE2 CPU using rate is 29.66%

[DBG]Time(11000-12000) Page1 [CORE1]
tskid:cpuusage
   01: 0.000
   02: 0.000
   03: 0.000
   04: 0.000
   05: 0.000
   07: 0.174
   08: 4.692
   09: 7.144
   10: 0.258
   11: 0.373

[DBG]Time(11000-12000) Page2 [CORE1]
tskid:cpuusage
   12: 0.209
   13: 0.261
   14: 1.386
   15: 0.163
   17: 0.000
   19: 0.137
   20: 0.000
   21: 0.118
   27: 0.191

[DBG]Time(11000-12000) Page1 [CORE2]
tskid:cpuusage
   07: 0.182
   09: 0.318
   22: 3.036
   23: 4.802
   24: 0.000
   25: 0.000
   27: 0.236
   28: 1.077
   29: 3.111
   30: 7.803

[DBG]Time(11000-12000) Page2 [CORE2]
tskid:cpuusage
   31: 0.000
   32: 0.224
   33: 0.960
   34:10.046
[   12124](PE1) [pe1-a]CORE1 CPU using rate is 29.17%
[   12124](PE2) [pe2-a]CORE2 CPU using rate is 30.66%

[DBG]Time(12000-13000) Page1 [CORE1]
tskid:cpuusage
   01: 0.000
   02: 0.000
   03: 0.000
   04: 0.000
   05: 0.000
   07: 0.180
   08: 4.681
   09: 7.168
   10: 0.293
   11: 0.378

[DBG]Time(12000-13000) Page2 [CORE1]
tskid:cpuusage
   12: 0.223
   13: 0.244
   14: 1.553
   15: 0.167
   17: 0.000
   19: 0.210
   20: 0.000
   21: 0.119
   27: 0.192

[DBG]Time(12000-13000) Page1 [CORE2]
tskid:cpuusage
   07: 0.182
   09: 0.234
   22: 2.991
   23: 2.999
   24: 0.000
   25: 0.000
   27: 0.238
   28: 1.079
   29: 3.110
   30: 7.754

[DBG]Time(12000-13000) Page2 [CORE2]
tskid:cpuusage
   31: 0.000
   32: 0.224
   33: 0.964
   34: 7.775
[   13124](PE1) [pe1-a]CORE1 CPU using rate is 29.05%
[   13124](PE2) [pe2-a]CORE2 CPU using rate is 30.25%

[DBG]Time(13000-14000) Page1 [CORE1]
tskid:cpuusage
   01: 0.000
   02: 0.000
   03: 0.000
   04: 0.000
   05: 0.000
   07: 0.179
   08: 4.675
   09: 6.975
   10: 0.219
   11: 0.379

[DBG]Time(13000-14000) Page2 [CORE1]
tskid:cpuusage
   12: 0.210
   13: 0.248
   14: 1.568
   15: 0.172
   17: 0.000
   19: 0.138
   20: 0.000
   21: 0.118
   27: 0.187

[DBG]Time(13000-14000) Page1 [CORE2]
tskid:cpuusage
   07: 0.182
   09: 0.223
   22: 3.271
   23: 4.035
   24: 0.000
   25: 0.000
   27: 0.237
   28: 1.079
   29: 3.092
   30: 7.699

[DBG]Time(13000-14000) Page2 [CORE2]
tskid:cpuusage
   31: 0.000
   32: 0.222
   33: 0.959
   34: 7.341
[   14124](PE1) [pe1-a]CORE1 CPU using rate is 29.12%
[   14124](PE2) [pe2-a]CORE2 CPU using rate is 30.89%

[DBG]Time(14000-15000) Page1 [CORE1]
tskid:cpuusage
   01: 0.000
   02: 0.000
   03: 0.000
   04: 0.000
   05: 0.000
   07: 0.181
   08: 4.666
   09: 7.190
   10: 0.242
   11: 0.374

[DBG]Time(14000-15000) Page2 [CORE1]
tskid:cpuusage
   12: 0.210
   13: 0.258
   14: 1.393
   15: 0.163
   17: 0.000
   19: 0.136
   20: 0.000
   21: 0.118
   27: 0.190

[DBG]Time(14000-15000) Page1 [CORE2]
tskid:cpuusage
   07: 0.182
   09: 0.294
   22: 3.076
   23: 2.626
   24: 0.000
   25: 0.000
   27: 0.235
   28: 1.078
   29: 3.081
   30: 7.701

[DBG]Time(14000-15000) Page2 [CORE2]
tskid:cpuusage
   31: 0.000
   32: 0.222
   33: 0.958
   34: 7.144
[   15124](PE1) [pe1-a]CORE1 CPU using rate is 29.11%
[   15124](PE2) [pe2-a]CORE2 CPU using rate is 30.33%

[DBG]Time(15000-16000) Page1 [CORE1]
tskid:cpuusage
   01: 0.000
   02: 0.000
   03: 0.000
   04: 0.000
   05: 0.000
   07: 0.181
   08: 4.667
   09: 7.138
   10: 0.291
   11: 0.384

[DBG]Time(15000-16000) Page2 [CORE1]
tskid:cpuusage
   12: 0.224
   13: 0.247
   14: 1.534
   15: 0.176
   17: 0.000
   19: 0.141
   20: 0.000
   21: 0.119
   27: 0.187

[DBG]Time(15000-16000) Page1 [CORE2]
tskid:cpuusage
   07: 0.183
   09: 0.321
   22: 3.192
   23: 3.461
   24: 0.000
   25: 0.000
   27: 0.237
   28: 1.081
   29: 3.113
   30: 7.701

[DBG]Time(15000-16000) Page2 [CORE2]
tskid:cpuusage
   31: 0.000
   32: 0.253
   33: 0.958
   34: 6.695
[   16124](PE1) [pe1-a]CORE1 CPU using rate is 29.22%
[   16124](PE2) [pe2-a]CORE2 CPU using rate is 30.34%

[DBG]Time(16000-17000) Page1 [CORE1]
tskid:cpuusage
   01: 0.000
   02: 0.000
   03: 0.000
   04: 0.000
   05: 0.000
   07: 0.188
   08: 4.926
   09: 7.158
   10: 0.248
   11: 0.387

[DBG]Time(16000-17000) Page2 [CORE1]
tskid:cpuusage
   12: 0.217
   13: 0.271
   14: 1.589
   15: 0.173
   17: 0.000
   19: 0.142
   20: 0.000
   21: 0.121
   27: 0.196

[DBG]Time(16000-17000) Page1 [CORE2]
tskid:cpuusage
   07: 0.183
   09: 0.226
   22: 2.686
   23: 2.609
   24: 0.000
   25: 0.000
   27: 0.240
   28: 1.096
   29: 3.094
   30: 7.692

[DBG]Time(16000-17000) Page2 [CORE2]
tskid:cpuusage
   31: 0.000
   32: 0.233
   33: 0.981
   34: 6.444
[   17124](PE1) [pe1-a]CORE1 CPU using rate is 29.46%
[   17124](PE2) [pe2-a]CORE2 CPU using rate is 29.56%

[DBG]Time(17000-18000) Page1 [CORE1]
tskid:cpuusage
   01: 0.000
   02: 0.000
   03: 0.000
   04: 0.000
   05: 0.000
   07: 0.175
   08: 4.680
   09: 7.156
   10: 0.215
   11: 0.371

[DBG]Time(17000-18000) Page2 [CORE1]
tskid:cpuusage
   12: 0.219
   13: 0.255
   14: 1.392
   15: 0.168
   17: 0.000
   19: 0.133
   20: 0.000
   21: 0.118
   27: 0.198

[DBG]Time(17000-18000) Page1 [CORE2]
tskid:cpuusage
   07: 0.181
   09: 0.282
   22: 3.096
   23: 4.886
   24: 0.000
   25: 0.000
   27: 0.238
   28: 1.081
   29: 3.078
   30: 7.827

[DBG]Time(17000-18000) Page2 [CORE2]
tskid:cpuusage
   31: 0.000
   32: 0.218
   33: 0.959
   34:10.226
[   18124](PE1) [pe1-a]CORE1 CPU using rate is 29.15%
[   18124](PE2) [pe2-a]CORE2 CPU using rate is 30.88%

[DBG]Time(18000-19000) Page1 [CORE1]
tskid:cpuusage
   01: 0.000
   02: 0.000
   03: 0.000
   04: 0.000
   05: 0.000
   07: 0.176
   08: 4.690
   09: 7.130
   10: 0.294
   11: 0.373

[DBG]Time(18000-19000) Page2 [CORE1]
tskid:cpuusage
   12: 0.221
   13: 0.270
   14: 1.500
   15: 0.168
   17: 0.000
   19: 0.145
   20: 0.000
   21: 0.118
   27: 0.191

[DBG]Time(18000-19000) Page1 [CORE2]
tskid:cpuusage
   07: 0.183
   09: 0.346
   22: 2.941
   23: 3.152
   24: 0.000
   25: 0.000
   27: 0.242
   28: 1.079
   29: 3.101
   30: 7.740

[DBG]Time(18000-19000) Page2 [CORE2]
tskid:cpuusage
   31: 0.000
   32: 0.221
   33: 0.964
   34: 7.977
[   19124](PE1) [pe1-a]CORE1 CPU using rate is 29.08%
[   19124](PE2) [pe2-a]CORE2 CPU using rate is 30.32%

[DBG]Time(19000-20000) Page1 [CORE1]
tskid:cpuusage
   01: 0.000
   02: 0.000
   03: 0.000
   04: 0.000
   05: 0.000
   07: 0.177
   08: 4.682
   09: 7.133
   10: 0.212
   11: 0.377

[DBG]Time(19000-20000) Page2 [CORE1]
tskid:cpuusage
   12: 0.222
   13: 0.242
   14: 1.621
   15: 0.173
   17: 0.000
   19: 0.165
   20: 0.000
   21: 0.129
   27: 0.195

[DBG]Time(19000-20000) Page1 [CORE2]
tskid:cpuusage
   07: 0.182
   09: 0.274
   22: 3.417
   23: 4.075
   24: 0.000
   25: 0.000
   27: 0.238
   28: 1.075
   29: 3.086
   30: 7.732

[DBG]Time(19000-20000) Page2 [CORE2]
tskid:cpuusage
   31: 0.000
   32: 0.223
   33: 0.959
   34: 7.053
[   20124](PE1) [pe1-a]CORE1 CPU using rate is 29.14%
[   20124](PE2) [pe2-a]CORE2 CPU using rate is 30.71%

[DBG]Time(20000-21000) Page1 [CORE1]
tskid:cpuusage
   01: 0.000
   02: 0.000
   03: 0.000
   04: 0.000
   05: 0.000
   07: 0.177
   08: 4.687
   09: 7.159
   10: 0.247
   11: 0.371

[DBG]Time(20000-21000) Page2 [CORE1]
tskid:cpuusage
   12: 0.209
   13: 0.243
   14: 1.430
   15: 0.160
   17: 0.000
   19: 0.136
   20: 0.000
   21: 0.121
   27: 0.192

[DBG]Time(20000-21000) Page1 [CORE2]
tskid:cpuusage
   07: 0.183
   09: 0.169
   22: 3.280
   23: 3.093
   24: 0.000
   25: 0.000
   27: 0.238
   28: 1.076
   29: 3.124
   30: 8.057

[DBG]Time(20000-21000) Page2 [CORE2]
tskid:cpuusage
   31: 0.000
   32: 0.224
   33: 0.958
   34: 7.405
[   21124](PE1) [pe1-a]CORE1 CPU using rate is 29.13%
[   21124](PE2) [pe2-a]CORE2 CPU using rate is 30.58%

[DBG]Time(21000-22000) Page1 [CORE1]
tskid:cpuusage
   01: 0.000
   02: 0.000
   03: 0.000
   04: 0.000
   05: 0.000
   07: 0.176
   08: 4.696
   09: 7.150
   10: 0.357
   11: 0.377

[DBG]Time(21000-22000) Page2 [CORE1]
tskid:cpuusage
   12: 0.226
   13: 0.314
   14: 1.507
   15: 0.168
   17: 0.000
   19: 0.131
   20: 0.000
   21: 0.118
   27: 0.190

[DBG]Time(21000-22000) Page1 [CORE2]
tskid:cpuusage
   07: 0.181
   09: 0.342
   22: 2.913
   23: 3.676
   24: 0.000
   25: 0.000
   27: 0.237
   28: 1.072
   29: 3.099
   30: 7.817

[DBG]Time(21000-22000) Page2 [CORE2]
tskid:cpuusage
   31: 0.000
   32: 0.225
   33: 0.961
   34: 6.700
[   22124](PE1) [pe1-a]CORE1 CPU using rate is 29.17%
[   22124](PE2) [pe2-a]CORE2 CPU using rate is 30.24%

[DBG]Time(22000-23000) Page1 [CORE1]
tskid:cpuusage
   01: 0.000
   02: 0.000
   03: 0.000
   04: 0.000
   05: 0.000
   07: 0.188
   08: 4.948
   09: 7.131
   10: 0.409
   11: 0.399

[DBG]Time(22000-23000) Page2 [CORE1]
tskid:cpuusage
   12: 0.221
   13: 0.624
   14: 1.636
   15: 0.191
   17: 0.000
   19: 0.150
   20: 0.000
   21: 0.123
   27: 0.201

[DBG]Time(22000-23000) Page1 [CORE2]
tskid:cpuusage
   07: 0.185
   09: 0.313
   22: 2.729
   23: 2.759
   24: 0.000
   25: 0.000
   27: 0.243
   28: 1.096
   29: 3.100
   30: 7.666

[DBG]Time(22000-23000) Page2 [CORE2]
tskid:cpuusage
   31: 0.000
   32: 0.289
   33: 0.979
   34: 6.321
[   23124](PE1) [pe1-a]CORE1 CPU using rate is 29.41%
[   23124](PE2) [pe2-a]CORE2 CPU using rate is 29.58%

[DBG]Time(23000-24000) Page1 [CORE1]
tskid:cpuusage
   01: 0.000
   02: 0.000
   03: 0.000
   04: 0.000
   05: 0.000
   07: 0.174
   08: 4.690
   09: 7.170
   10: 0.212
   11: 0.370

[DBG]Time(23000-24000) Page2 [CORE1]
tskid:cpuusage
   12: 0.218
   13: 0.241
   14: 1.399
   15: 0.168
   17: 0.000
   19: 0.136
   20: 0.000
   21: 0.126
   27: 0.194

[DBG]Time(23000-24000) Page1 [CORE2]
tskid:cpuusage
   07: 0.181
   09: 0.364
   22: 3.081
   23: 4.840
   24: 0.000
   25: 0.000
   27: 0.237
   28: 1.076
   29: 3.077
   30: 7.899

[DBG]Time(23000-24000) Page2 [CORE2]
tskid:cpuusage
   31: 0.000
   32: 0.222
   33: 0.961
   34:10.188
[   24124](PE1) [pe1-a]CORE1 CPU using rate is 29.16%
[   24124](PE2) [pe2-a]CORE2 CPU using rate is 30.77%

[DBG]Time(24000-25000) Page1 [CORE1]
tskid:cpuusage
   01: 0.000
   02: 0.000
   03: 0.000
   04: 0.000
   05: 0.000
   07: 0.177
   08: 4.693
   09: 7.170
   10: 0.281
   11: 0.376

[DBG]Time(24000-25000) Page2 [CORE1]
tskid:cpuusage
   12: 0.223
   13: 0.266
   14: 1.496
   15: 0.166
   17: 0.000
   19: 0.138
   20: 0.000
   21: 0.118
   27: 0.189

[DBG]Time(24000-25000) Page1 [CORE2]
tskid:cpuusage
   07: 0.182
   09: 0.350
   22: 3.150
   23: 3.434
   24: 0.000
   25: 0.000
   27: 0.241
   28: 1.074
   29: 3.128
   30: 7.774

[DBG]Time(24000-25000) Page2 [CORE2]
tskid:cpuusage
   31: 0.000
   32: 0.224
   33: 0.966
   34: 7.581
[   25124](PE1) [pe1-a]CORE1 CPU using rate is 29.08%
[   25124](PE2) [pe2-a]CORE2 CPU using rate is 30.43%

[DBG]Time(25000-26000) Page1 [CORE1]
tskid:cpuusage
   01: 0.000
   02: 0.000
   03: 0.000
   04: 0.000
   05: 0.000
   07: 0.178
   08: 4.684
   09: 7.122
   10: 0.218
   11: 0.383

[DBG]Time(25000-26000) Page2 [CORE1]
tskid:cpuusage
   12: 0.214
   13: 0.246
   14: 1.573
   15: 0.168
   17: 0.000
   19: 0.167
   20: 0.000
   21: 0.118
   27: 0.189

[DBG]Time(25000-26000) Page1 [CORE2]
tskid:cpuusage
   07: 0.181
   09: 0.178
   22: 3.513
   23: 3.888
   24: 0.000
   25: 0.000
   27: 0.239
   28: 1.073
   29: 3.088
   30: 7.705

[DBG]Time(25000-26000) Page2 [CORE2]
tskid:cpuusage
   31: 0.000
   32: 0.222
   33: 0.960
   34: 7.091
[   26124](PE1) [pe1-a]CORE1 CPU using rate is 29.14%
[   26124](PE2) [pe2-a]CORE2 CPU using rate is 30.77%

[DBG]Time(26000-27000) Page1 [CORE1]
tskid:cpuusage
   01: 0.000
   02: 0.000
   03: 0.000
   04: 0.000
   05: 0.000
   07: 0.177
   08: 4.681
   09: 7.136
   10: 0.242
   11: 0.376

[DBG]Time(26000-27000) Page2 [CORE1]
tskid:cpuusage
   12: 0.209
   13: 0.242
   14: 1.447
   15: 0.165
   17: 0.000
   19: 0.132
   20: 0.000
   21: 0.138
   27: 0.197

[DBG]Time(26000-27000) Page1 [CORE2]
tskid:cpuusage
   07: 0.182
   09: 0.229
   22: 3.020
   23: 3.052
   24: 0.000
   25: 0.000
   27: 0.239
   28: 1.074
   29: 3.080
   30: 8.018

[DBG]Time(26000-27000) Page2 [CORE2]
tskid:cpuusage
   31: 0.000
   32: 0.222
   33: 0.961
   34: 7.060
[   27124](PE1) [pe1-a]CORE1 CPU using rate is 29.13%
[   27124](PE2) [pe2-a]CORE2 CPU using rate is 30.24%

[DBG]Time(27000-28000) Page1 [CORE1]
tskid:cpuusage
   01: 0.000
   02: 0.000
   03: 0.000
   04: 0.000
   05: 0.000
   07: 0.176
   08: 4.688
   09: 7.200
   10: 0.249
   11: 0.374

[DBG]Time(27000-28000) Page2 [CORE1]
tskid:cpuusage
   12: 0.237
   13: 0.263
   14: 1.505
   15: 0.163
   17: 0.000
   19: 0.134
   20: 0.000
   21: 0.121
   27: 0.199

[DBG]Time(27000-28000) Page1 [CORE2]
tskid:cpuusage
   07: 0.182
   09: 0.223
   22: 3.040
   23: 3.769
   24: 0.000
   25: 0.000
   27: 0.238
   28: 1.073
   29: 3.097
   30: 7.832

[DBG]Time(27000-28000) Page2 [CORE2]
tskid:cpuusage
   31: 0.000
   32: 0.225
   33: 0.959
   34: 6.885
[   28124](PE1) [pe1-a]CORE1 CPU using rate is 29.20%
[   28124](PE2) [pe2-a]CORE2 CPU using rate is 30.36%

[DBG]Time(28000-29000) Page1 [CORE1]
tskid:cpuusage
   01: 0.000
   02: 0.000
   03: 0.000
   04: 0.000
   05: 0.000
   07: 0.181
   08: 4.944
   09: 7.216
   10: 0.268
   11: 0.382

[DBG]Time(28000-29000) Page2 [CORE1]
tskid:cpuusage
   12: 0.304
   13: 0.248
   14: 1.572
   15: 0.172
   17: 0.000
   19: 0.146
   20: 0.000
   21: 0.124
   27: 0.204

[DBG]Time(28000-29000) Page1 [CORE2]
tskid:cpuusage
   07: 0.186
   09: 0.205
   22: 2.860
   23: 2.758
   24: 0.000
   25: 0.000
   27: 0.242
   28: 1.095
   29: 3.095
   30: 7.676

[DBG]Time(28000-29000) Page2 [CORE2]
tskid:cpuusage
   31: 0.000
   32: 0.278
   33: 0.982
   34: 6.350
[   29124](PE1) [pe1-a]CORE1 CPU using rate is 29.53%
[   29124](PE2) [pe2-a]CORE2 CPU using rate is 29.62%

[DBG]Time(29000-30000) Page1 [CORE1]
tskid:cpuusage
   01: 0.000
   02: 0.000
   03: 0.000
   04: 0.000
   05: 0.000
   07: 0.173
   08: 4.674
   09: 7.136
   10: 0.215
   11: 0.376

[DBG]Time(29000-30000) Page2 [CORE1]
tskid:cpuusage
   12: 0.208
   13: 0.243
   14: 1.440
   15: 0.190
   17: 0.000
   19: 0.138
   20: 0.000
   21: 0.118
   27: 0.191

[DBG]Time(29000-30000) Page1 [CORE2]
tskid:cpuusage
   07: 0.182
   09: 0.218
   22: 2.916
   23: 5.101
   24: 0.000
   25: 0.000
   27: 0.239
   28: 1.077
   29: 3.103
   30: 7.855

[DBG]Time(29000-30000) Page2 [CORE2]
tskid:cpuusage
   31: 0.000
   32: 0.223
   33: 0.961
   34:10.212
[   30124](PE1) [pe1-a]CORE1 CPU using rate is 29.25%
[   30124](PE2) [pe2-a]CORE2 CPU using rate is 30.78%

[DBG]Time(30000-31000) Page1 [CORE1]
tskid:cpuusage
   01: 0.000
   02: 0.000
   03: 0.000
   04: 0.000
   05: 0.000
   07: 0.176
   08: 4.686
   09: 7.179
   10: 0.278
   11: 0.375

[DBG]Time(30000-31000) Page2 [CORE1]
tskid:cpuusage
   12: 0.229
   13: 0.242
   14: 1.534
   15: 0.169
   17: 0.000
   19: 0.144
   20: 0.000
   21: 0.118
   27: 0.190

[DBG]Time(30000-31000) Page1 [CORE2]
tskid:cpuusage
   07: 0.182
   09: 0.241
   22: 3.345
   23: 3.382
   24: 0.000
   25: 0.000
   27: 0.241
   28: 1.074
   29: 3.123
   30: 7.711

[DBG]Time(30000-31000) Page2 [CORE2]
tskid:cpuusage
   31: 0.000
   32: 0.224
   33: 0.967
   34: 8.114
[   31124](PE1) [pe1-a]CORE1 CPU using rate is 29.13%
[   31124](PE2) [pe2-a]CORE2 CPU using rate is 30.45%

[DBG]Time(31000-32000) Page1 [CORE1]
tskid:cpuusage
   01: 0.000
   02: 0.000
   03: 0.000
   04: 0.000
   05: 0.000
   07: 0.177
   08: 4.684
   09: 7.162
   10: 0.234
   11: 0.380

[DBG]Time(31000-32000) Page2 [CORE1]
tskid:cpuusage
   12: 0.210
   13: 0.260
   14: 1.548
   15: 0.166
   17: 0.000
   19: 0.145
   20: 0.000
   21: 0.117
   27: 0.201

[DBG]Time(31000-32000) Page1 [CORE2]
tskid:cpuusage
   07: 0.182
   09: 0.401
   22: 3.291
   23: 3.733
   24: 0.000
   25: 0.000
   27: 0.237
   28: 1.073
   29: 3.103
   30: 7.698

[DBG]Time(31000-32000) Page2 [CORE2]
tskid:cpuusage
   31: 0.000
   32: 0.224
   33: 0.960
   34: 7.237
[   32124](PE1) [pe1-a]CORE1 CPU using rate is 29.13%
[   32124](PE2) [pe2-a]CORE2 CPU using rate is 30.94%

[DBG]Time(32000-33000) Page1 [CORE1]
tskid:cpuusage
   01: 0.000
   02: 0.000
   03: 0.000
   04: 0.000
   05: 0.000
   07: 0.176
   08: 4.686
   09: 7.129
   10: 0.235
   11: 0.372

[DBG]Time(32000-33000) Page2 [CORE1]
tskid:cpuusage
   12: 0.224
   13: 0.254
   14: 1.467
   15: 0.166
   17: 0.000
   19: 0.153
   20: 0.000
   21: 0.118
   27: 0.189

[DBG]Time(32000-33000) Page1 [CORE2]
tskid:cpuusage
   07: 0.182
   09: 0.185
   22: 2.909
   23: 2.699
   24: 0.000
   25: 0.000
   27: 0.237
   28: 1.074
   29: 3.085
   30: 7.661

[DBG]Time(32000-33000) Page2 [CORE2]
tskid:cpuusage
   31: 0.000
   32: 0.223
   33: 0.960
   34: 7.131
[   33124](PE1) [pe1-a]CORE1 CPU using rate is 29.05%
[   33124](PE2) [pe2-a]CORE2 CPU using rate is 30.28%

[DBG]Time(33000-34000) Page1 [CORE1]
tskid:cpuusage
   01: 0.000
   02: 0.000
   03: 0.000
   04: 0.000
   05: 0.000
   07: 0.175
   08: 4.693
   09: 7.148
   10: 0.253
   11: 0.375

[DBG]Time(33000-34000) Page2 [CORE1]
tskid:cpuusage
   12: 0.240
   13: 0.256
   14: 1.602
   15: 0.164
   17: 0.000
   19: 0.136
   20: 0.000
   21: 0.127
   27: 0.191

[DBG]Time(33000-34000) Page1 [CORE2]
tskid:cpuusage
   07: 0.183
   09: 0.201
   22: 2.899
   23: 3.424
   24: 0.000
   25: 0.000
   27: 0.236
   28: 1.077
   29: 3.117
   30: 7.679

[DBG]Time(33000-34000) Page2 [CORE2]
tskid:cpuusage
   31: 0.000
   32: 0.226
   33: 0.961
   34: 6.679
[   34124](PE1) [pe1-a]CORE1 CPU using rate is 29.12%
[   34124](PE2) [pe2-a]CORE2 CPU using rate is 30.38%

[DBG]Time(34000-35000) Page1 [CORE1]
tskid:cpuusage
   01: 0.000
   02: 0.000
   03: 0.000
   04: 0.000
   05: 0.000
   07: 0.185
   08: 4.929
   09: 7.203
   10: 0.239
   11: 0.394

[DBG]Time(34000-35000) Page2 [CORE1]
tskid:cpuusage
   12: 0.221
   13: 0.284
   14: 1.725
   15: 0.176
   17: 0.000
   19: 0.146
   20: 0.000
   21: 0.451
   27: 0.201

[DBG]Time(34000-35000) Page1 [CORE2]
tskid:cpuusage
   07: 0.186
   09: 0.210
   22: 2.938
   23: 2.595
   24: 0.000
   25: 0.000
   27: 0.242
   28: 1.096
   29: 3.096
   30: 7.680

[DBG]Time(34000-35000) Page2 [CORE2]
tskid:cpuusage
   31: 0.000
   32: 0.296
   33: 0.978
   34: 6.558
[   35124](PE1) [pe1-a]CORE1 CPU using rate is 29.43%
[   35124](PE2) [pe2-a]CORE2 CPU using rate is 29.63%

[DBG]Time(35000-36000) Page1 [CORE1]
tskid:cpuusage
   01: 0.000
   02: 0.000
   03: 0.000
   04: 0.000
   05: 0.000
   07: 0.177
   08: 4.689
   09: 7.156
   10: 0.220
   11: 0.377

[DBG]Time(35000-36000) Page2 [CORE1]
tskid:cpuusage
   12: 0.209
   13: 0.242
   14: 1.595
   15: 0.176
   17: 0.000
   19: 0.143
   20: 0.000
   21: 0.118
   27: 0.191

[DBG]Time(35000-36000) Page1 [CORE2]
tskid:cpuusage
   07: 0.181
   09: 0.274
   22: 2.985
   23: 4.823
   24: 0.000
   25: 0.000
   27: 0.237
   28: 1.078
   29: 3.080
   30: 7.719

[DBG]Time(35000-36000) Page2 [CORE2]
tskid:cpuusage
   31: 0.000
   32: 0.222
   33: 0.961
   34:10.182
[   36124](PE1) [pe1-a]CORE1 CPU using rate is 29.14%
[   36124](PE2) [pe2-a]CORE2 CPU using rate is 30.99%

[DBG]Time(36000-37000) Page1 [CORE1]
tskid:cpuusage
   01: 0.000
   02: 0.000
   03: 0.000
   04: 0.000
   05: 0.000
   07: 0.176
   08: 4.690
   09: 7.135
   10: 0.277
   11: 0.370

[DBG]Time(36000-37000) Page2 [CORE1]
tskid:cpuusage
   12: 0.243
   13: 0.241
   14: 1.779
   15: 0.169
   17: 0.000
   19: 0.140
   20: 0.000
   21: 0.120
   27: 0.196

[DBG]Time(36000-37000) Page1 [CORE2]
tskid:cpuusage
   07: 0.181
   09: 0.268
   22:10.068
   23: 3.175
   24: 0.000
   25: 0.000
   27: 0.242
   28: 1.076
   29: 3.152
   30: 7.733

[DBG]Time(36000-37000) Page2 [CORE2]
tskid:cpuusage
   31: 0.000
   32: 0.223
   33: 0.966
   34: 8.123
[   37124](PE1) [pe1-a]CORE1 CPU using rate is 29.15%
[   37124](PE2) [pe2-a]CORE2 CPU using rate is 34.52%

[DBG]Time(37000-38000) Page1 [CORE1]
tskid:cpuusage
   01: 0.000
   02: 0.000
   03: 0.000
   04: 0.000
   05: 0.000
   07: 0.176
   08: 4.684
   09: 7.125
   10: 0.217
   11: 0.378

[DBG]Time(37000-38000) Page2 [CORE1]
tskid:cpuusage
   12: 0.210
   13: 0.254
   14: 1.743
   15: 0.170
   17: 0.000
   19: 0.141
   20: 0.000
   21: 0.118
   27: 0.195

[DBG]Time(37000-38000) Page1 [CORE2]
tskid:cpuusage
   07: 0.182
   09: 0.238
   22: 7.812
   23: 4.107
   24: 0.000
   25: 0.000
   27: 0.238
   28: 1.072
   29: 3.145
   30: 7.933

[DBG]Time(37000-38000) Page2 [CORE2]
tskid:cpuusage
   31: 0.000
   32: 0.224
   33: 0.962
   34: 7.187
[   38124](PE1) [pe1-a]CORE1 CPU using rate is 29.20%
[   38124](PE2) [pe2-a]CORE2 CPU using rate is 32.63%

[DBG]Time(38000-39000) Page1 [CORE1]
tskid:cpuusage
   01: 0.000
   02: 0.000
   03: 0.000
   04: 0.000
   05: 0.000
   07: 0.176
   08: 4.685
   09: 7.170
   10: 0.243
   11: 0.374

[DBG]Time(38000-39000) Page2 [CORE1]
tskid:cpuusage
   12: 0.209
   13: 0.245
   14: 1.838
   15: 0.195
   17: 0.000
   19: 0.166
   20: 0.000
   21: 0.118
   27: 0.192

[DBG]Time(38000-39000) Page1 [CORE2]
tskid:cpuusage
   07: 0.181
   09: 0.208
   22: 7.388
   23: 2.871
   24: 0.000
   25: 0.000
   27: 0.239
   28: 1.076
   29: 3.165
   30: 7.768

[DBG]Time(38000-39000) Page2 [CORE2]
tskid:cpuusage
   31: 0.000
   32: 0.222
   33: 0.961
   34: 7.260
[   39124](PE1) [pe1-a]CORE1 CPU using rate is 29.12%
[   39124](PE2) [pe2-a]CORE2 CPU using rate is 32.21%

[DBG]Time(39000-40000) Page1 [CORE1]
tskid:cpuusage
   01: 0.000
   02: 0.000
   03: 0.000
   04: 0.000
   05: 0.000
   07: 0.176
   08: 4.691
   09: 7.150
   10: 0.263
   11: 0.384

[DBG]Time(39000-40000) Page2 [CORE1]
tskid:cpuusage
   12: 0.523
   13: 0.243
   14: 2.283
   15: 0.389
   17: 0.000
   19: 0.374
   20: 0.000
   21: 0.126
   27: 0.195

[DBG]Time(39000-40000) Page1 [CORE2]
tskid:cpuusage
   07: 0.182
   09: 0.264
   22: 7.227
   23: 3.504
   24: 0.000
   25: 0.000
   27: 0.237
   28: 1.079
   29: 3.121
   30: 8.140

[DBG]Time(39000-40000) Page2 [CORE2]
tskid:cpuusage
   31: 0.000
   32: 0.224
   33: 0.961
   34: 6.790
[   40124](PE1) [pe1-a]CORE1 CPU using rate is 29.22%
[   40124](PE2) [pe2-a]CORE2 CPU using rate is 32.11%

[DBG]Time(40000-41000) Page1 [CORE1]
tskid:cpuusage
   01: 0.000
   02: 0.000
   03: 0.000
   04: 0.000
   05: 0.000
   07: 0.179
   08: 4.934
   09: 7.247
   10: 0.266
   11: 0.399

[DBG]Time(40000-41000) Page2 [CORE1]
tskid:cpuusage
   12: 0.338
   13: 0.251
   14: 2.308
   15: 0.230
   17: 0.000
   19: 0.211
   20: 0.000
   21: 0.133
   27: 0.201

[DBG]Time(40000-41000) Page1 [CORE2]
tskid:cpuusage
   07: 0.186
   09: 0.200
   22: 6.984
   23: 2.733
   24: 0.000
   25: 0.000
   27: 0.241
   28: 1.097
   29: 3.114
   30: 7.931

[DBG]Time(40000-41000) Page2 [CORE2]
tskid:cpuusage
   31: 0.000
   32: 0.272
   33: 0.984
   34: 6.321
[   41124](PE1) [pe1-a]CORE1 CPU using rate is 29.40%
[   41124](PE2) [pe2-a]CORE2 CPU using rate is 31.32%

[DBG]Time(41000-42000) Page1 [CORE1]
tskid:cpuusage
   01: 0.000
   02: 0.000
   03: 0.000
   04: 0.000
   05: 0.000
   07: 0.174
   08: 4.694
   09: 7.169
   10: 0.222
   11: 0.377

[DBG]Time(41000-42000) Page2 [CORE1]
tskid:cpuusage
   12: 0.208
   13: 0.251
   14: 1.386
   15: 0.167
   17: 0.000
   19: 0.134
   20: 0.000
   21: 0.118
   27: 0.196

[DBG]Time(41000-42000) Page1 [CORE2]
tskid:cpuusage
   07: 0.182
   09: 0.246
   22: 7.860
   23: 5.020
   24: 0.000
   25: 0.000
   27: 0.240
   28: 1.077
   29: 3.132
   30: 8.127

[DBG]Time(41000-42000) Page2 [CORE2]
tskid:cpuusage
   31: 0.000
   32: 0.223
   33: 0.964
   34:10.415
[   42124](PE1) [pe1-a]CORE1 CPU using rate is 29.19%
[   42124](PE2) [pe2-a]CORE2 CPU using rate is 32.83%

[DBG]Time(42000-43000) Page1 [CORE1]
tskid:cpuusage
   01: 0.000
   02: 0.000
   03: 0.000
   04: 0.000
   05: 0.000
   07: 0.176
   08: 4.686
   09: 7.165
   10: 0.271
   11: 0.383

[DBG]Time(42000-43000) Page2 [CORE1]
tskid:cpuusage
   12: 0.225
   13: 0.254
   14: 1.539
   15: 0.185
   17: 0.000
   19: 0.153
   20: 0.000
   21: 0.118
   27: 0.188

[DBG]Time(42000-43000) Page1 [CORE2]
tskid:cpuusage
   07: 0.182
   09: 0.226
   22: 7.347
   23: 3.580
   24: 0.000
   25: 0.000
   27: 0.239
   28: 1.075
   29: 3.123
   30: 8.043

[DBG]Time(42000-43000) Page2 [CORE2]
tskid:cpuusage
   31: 0.000
   32: 0.225
   33: 0.967
   34: 7.749
[   43124](PE1) [pe1-a]CORE1 CPU using rate is 29.13%
[   43124](PE2) [pe2-a]CORE2 CPU using rate is 32.06%

[DBG]Time(43000-44000) Page1 [CORE1]
tskid:cpuusage
   01: 0.000
   02: 0.000
   03: 0.000
   04: 0.000
   05: 0.000
   07: 0.177
   08: 4.692
   09: 7.174
   10: 0.215
   11: 0.377

[DBG]Time(43000-44000) Page2 [CORE1]
tskid:cpuusage
   12: 0.211
   13: 0.253
   14: 1.563
   15: 0.170
   17: 0.000
   19: 0.140
   20: 0.000
   21: 0.120
   27: 0.189

[DBG]Time(43000-44000) Page1 [CORE2]
tskid:cpuusage
   07: 0.182
   09: 0.217
   22: 7.550
   23: 4.184
   24: 0.000
   25: 0.000
   27: 0.237
   28: 1.080
   29: 3.131
   30: 7.774

[DBG]Time(43000-44000) Page2 [CORE2]
tskid:cpuusage
   31: 0.000
   32: 0.225
   33: 0.961
   34: 7.138
[   44124](PE1) [pe1-a]CORE1 CPU using rate is 29.19%
[   44124](PE2) [pe2-a]CORE2 CPU using rate is 32.59%

[DBG]Time(44000-45000) Page1 [CORE1]
tskid:cpuusage
   01: 0.000
   02: 0.000
   03: 0.000
   04: 0.000
   05: 0.000
   07: 0.178
   08: 4.690
   09: 7.115
   10: 0.233
   11: 0.370

[DBG]Time(44000-45000) Page2 [CORE1]
tskid:cpuusage
   12: 0.208
   13: 0.266
   14: 1.391
   15: 0.161
   17: 0.000
   19: 0.138
   20: 0.000
   21: 0.117
   27: 0.195

[DBG]Time(44000-45000) Page1 [CORE2]
tskid:cpuusage
   07: 0.182
   09: 0.191
   22: 7.343
   23: 2.709
   24: 0.000
   25: 0.000
   27: 0.238
   28: 1.078
   29: 3.111
   30: 7.913

[DBG]Time(44000-45000) Page2 [CORE2]
tskid:cpuusage
   31: 0.000
   32: 0.225
   33: 0.961
   34: 7.230
[   45124](PE1) [pe1-a]CORE1 CPU using rate is 29.12%
[   45124](PE2) [pe2-a]CORE2 CPU using rate is 32.00%

[DBG]Time(45000-46000) Page1 [CORE1]
tskid:cpuusage
   01: 0.000
   02: 0.000
   03: 0.000
   04: 0.000
   05: 0.000
   07: 0.175
   08: 4.694
   09: 7.158
   10: 0.250
   11: 0.378

[DBG]Time(45000-46000) Page2 [CORE1]
tskid:cpuusage
   12: 0.230
   13: 0.248
   14: 1.539
   15: 0.173
   17: 0.000
   19: 0.128
   20: 0.000
   21: 0.117
   27: 0.190

[DBG]Time(45000-46000) Page1 [CORE2]
tskid:cpuusage
   07: 0.182
   09: 0.223
   22: 7.281
   23: 3.345
   24: 0.000
   25: 0.000
   27: 0.238
   28: 1.078
   29: 3.114
   30: 7.962

[DBG]Time(45000-46000) Page2 [CORE2]
tskid:cpuusage
   31: 0.000
   32: 0.226
   33: 0.959
   34: 6.725
[   46124](PE1) [pe1-a]CORE1 CPU using rate is 29.12%
[   46124](PE2) [pe2-a]CORE2 CPU using rate is 32.22%

[DBG]Time(46000-47000) Page1 [CORE1]
tskid:cpuusage
   01: 0.000
   02: 0.000
   03: 0.000
   04: 0.000
   05: 0.000
   07: 0.181
   08: 4.923
   09: 7.160
   10: 0.245
   11: 0.391

[DBG]Time(46000-47000) Page2 [CORE1]
tskid:cpuusage
   12: 0.225
   13: 0.264
   14: 1.638
   15: 0.181
   17: 0.000
   19: 0.159
   20: 0.000
   21: 0.141
   27: 0.199

[DBG]Time(46000-47000) Page1 [CORE2]
tskid:cpuusage
   07: 0.187
   09: 0.208
   22: 6.925
   23: 2.650
   24: 0.000
   25: 0.000
   27: 0.244
   28: 1.097
   29: 3.105
   30: 8.025

[DBG]Time(46000-47000) Page2 [CORE2]
tskid:cpuusage
   31: 0.000
   32: 0.224
   33: 0.982
   34: 6.448
[   47124](PE1) [pe1-a]CORE1 CPU using rate is 29.48%
[   47124](PE2) [pe2-a]CORE2 CPU using rate is 31.28%

[DBG]Time(47000-48000) Page1 [CORE1]
tskid:cpuusage
   01: 0.000
   02: 0.000
   03: 0.000
   04: 0.000
   05: 0.000
   07: 0.175
   08: 4.690
   09: 7.226
   10: 0.206
   11: 0.373

[DBG]Time(47000-48000) Page2 [CORE1]
tskid:cpuusage
   12: 0.209
   13: 0.254
   14: 1.407
   15: 0.168
   17: 0.000
   19: 0.138
   20: 0.000
   21: 0.117
   27: 0.199

[DBG]Time(47000-48000) Page1 [CORE2]
tskid:cpuusage
   07: 0.182
   09: 0.234
   22: 7.262
   23: 4.740
   24: 0.000
   25: 0.000
   27: 0.237
   28: 1.078
   29: 3.213
   30: 7.883

[DBG]Time(47000-48000) Page2 [CORE2]
tskid:cpuusage
   31: 0.000
   32: 0.224
   33: 0.960
   34:10.128
[   48124](PE1) [pe1-a]CORE1 CPU using rate is 29.15%
[   48124](PE2) [pe2-a]CORE2 CPU using rate is 32.71%

[DBG]Time(48000-49000) Page1 [CORE1]
tskid:cpuusage
   01: 0.000
   02: 0.000
   03: 0.000
   04: 0.000
   05: 0.000
   07: 0.176
   08: 4.693
   09: 7.126
   10: 0.273
   11: 0.376

[DBG]Time(48000-49000) Page2 [CORE1]
tskid:cpuusage
   12: 0.219
   13: 0.254
   14: 1.510
   15: 0.171
   17: 0.000
   19: 0.141
   20: 0.000
   21: 0.117
   27: 0.194

[DBG]Time(48000-49000) Page1 [CORE2]
tskid:cpuusage
   07: 0.182
   09: 0.191
   22: 4.230
   23: 3.370
   24: 0.000
   25: 0.000
   27: 0.242
   28: 1.075
   29: 3.131
   30: 7.842

[DBG]Time(48000-49000) Page2 [CORE2]
tskid:cpuusage
   31: 0.000
   32: 0.223
   33: 0.963
   34: 8.223
[   49124](PE1) [pe1-a]CORE1 CPU using rate is 29.17%
[   49124](PE2) [pe2-a]CORE2 CPU using rate is 30.40%

[DBG]Time(49000-50000) Page1 [CORE1]
tskid:cpuusage
   01: 0.000
   02: 0.000
   03: 0.000
   04: 0.000
   05: 0.000
   07: 0.176
   08: 4.683
   09: 7.119
   10: 0.212
   11: 0.379

[DBG]Time(49000-50000) Page2 [CORE1]
tskid:cpuusage
   12: 0.209
   13: 0.242
   14: 1.602
   15: 0.182
   17: 0.000
   19: 0.137
   20: 0.000
   21: 0.120
   27: 0.188

[DBG]Time(49000-50000) Page1 [CORE2]
tskid:cpuusage
   07: 0.182
   09: 0.168
   22: 4.179
   23: 3.966
   24: 0.000
   25: 0.000
   27: 0.239
   28: 1.076
   29: 3.116
   30: 7.838

[DBG]Time(49000-50000) Page2 [CORE2]
tskid:cpuusage
   31: 0.000
   32: 0.225
   33: 0.962
   34: 7.158
[   50124](PE1) [pe1-a]CORE1 CPU using rate is 29.20%
[   50124](PE2) [pe2-a]CORE2 CPU using rate is 30.78%

[DBG]Time(50000-51000) Page1 [CORE1]
tskid:cpuusage
   01: 0.000
   02: 0.000
   03: 0.000
   04: 0.000
   05: 0.000
   07: 0.177
   08: 4.692
   09: 7.180
   10: 0.265
   11: 0.373

[DBG]Time(50000-51000) Page2 [CORE1]
tskid:cpuusage
   12: 0.209
   13: 0.241
   14: 1.423
   15: 0.171
   17: 0.000
   19: 0.152
   20: 0.000
   21: 0.117
   27: 0.194

[DBG]Time(50000-51000) Page1 [CORE2]
tskid:cpuusage
   07: 0.182
   09: 0.172
   22: 4.086
   23: 2.889
   24: 0.000
   25: 0.000
   27: 0.240
   28: 1.077
   29: 3.079
   30: 7.757

[DBG]Time(50000-51000) Page2 [CORE2]
tskid:cpuusage
   31: 0.000
   32: 0.224
   33: 0.962
   34: 7.123
[   51124](PE1) [pe1-a]CORE1 CPU using rate is 29.13%
[   51124](PE2) [pe2-a]CORE2 CPU using rate is 30.33%

[DBG]Time(51000-52000) Page1 [CORE1]
tskid:cpuusage
   01: 0.000
   02: 0.000
   03: 0.000
   04: 0.000
   05: 0.000
   07: 0.179
   08: 4.691
   09: 7.165
   10: 0.391
   11: 0.380

[DBG]Time(51000-52000) Page2 [CORE1]
tskid:cpuusage
   12: 0.236
   13: 0.312
   14: 1.518
   15: 0.168
   17: 0.000
   19: 0.140
   20: 0.000
   21: 0.117
   27: 0.195

[DBG]Time(51000-52000) Page1 [CORE2]
tskid:cpuusage
   07: 0.183
   09: 0.201
   22: 3.731
   23: 3.528
   24: 0.000
   25: 0.000
   27: 0.238
   28: 1.075
   29: 3.126
   30: 7.806

[DBG]Time(51000-52000) Page2 [CORE2]
tskid:cpuusage
   31: 0.000
   32: 0.225
   33: 0.959
   34: 6.729
[   52124](PE1) [pe1-a]CORE1 CPU using rate is 29.09%
[   52124](PE2) [pe2-a]CORE2 CPU using rate is 30.18%

[DBG]Time(52000-53000) Page1 [CORE1]
tskid:cpuusage
   01: 0.000
   02: 0.000
   03: 0.000
   04: 0.000
   05: 0.000
   07: 0.189
   08: 4.936
   09: 7.124
   10: 0.608
   11: 0.404

[DBG]Time(52000-53000) Page2 [CORE1]
tskid:cpuusage
   12: 0.217
   13: 0.606
   14: 1.628
   15: 0.178
   17: 0.000
   19: 0.155
   20: 0.000
   21: 0.125
   27: 0.201

[DBG]Time(52000-53000) Page1 [CORE2]
tskid:cpuusage
   07: 0.186
   09: 0.220
   22: 3.618
   23: 2.534
   24: 0.000
   25: 0.000
   27: 0.242
   28: 1.095
   29: 3.104
   30: 7.910

[DBG]Time(52000-53000) Page2 [CORE2]
tskid:cpuusage
   31: 0.000
   32: 0.224
   33: 0.979
   34: 6.439
[   53124](PE1) [pe1-a]CORE1 CPU using rate is 29.29%
[   53124](PE2) [pe2-a]CORE2 CPU using rate is 29.54%

[DBG]Time(53000-54000) Page1 [CORE1]
tskid:cpuusage
   01: 0.000
   02: 0.000
   03: 0.000
   04: 0.000
   05: 0.000
   07: 0.174
   08: 4.701
   09: 7.211
   10: 0.214
   11: 0.375

[DBG]Time(53000-54000) Page2 [CORE1]
tskid:cpuusage
   12: 0.217
   13: 0.242
   14: 1.416
   15: 0.170
   17: 0.000
   19: 0.142
   20: 0.000
   21: 0.130
   27: 0.188

[DBG]Time(53000-54000) Page1 [CORE2]
tskid:cpuusage
   07: 0.183
   09: 0.197
   22: 3.977
   23: 4.697
   24: 0.000
   25: 0.000
   27: 0.238
   28: 1.080
   29: 3.091
   30: 7.632

[DBG]Time(53000-54000) Page2 [CORE2]
tskid:cpuusage
   31: 0.000
   32: 0.224
   33: 0.960
   34: 9.981
[   54124](PE1) [pe1-a]CORE1 CPU using rate is 29.15%
[   54124](PE2) [pe2-a]CORE2 CPU using rate is 30.74%

[DBG]Time(54000-55000) Page1 [CORE1]
tskid:cpuusage
   01: 0.000
   02: 0.000
   03: 0.000
   04: 0.000
   05: 0.000
   07: 0.178
   08: 4.712
   09: 7.164
   10: 0.292
   11: 0.373

[DBG]Time(54000-55000) Page2 [CORE1]
tskid:cpuusage
   12: 0.223
   13: 0.255
   14: 1.502
   15: 0.163
   17: 0.000
   19: 0.143
   20: 0.000
   21: 0.117
   27: 0.190

[DBG]Time(54000-55000) Page1 [CORE2]
tskid:cpuusage
   07: 0.182
   09: 0.171
   22: 3.977
   23: 3.254
   24: 0.000
   25: 0.000
   27: 0.240
   28: 1.077
   29: 3.117
   30: 7.720

[DBG]Time(54000-55000) Page2 [CORE2]
tskid:cpuusage
   31: 0.000
   32: 0.222
   33: 0.967
   34: 7.923
[   55124](PE1) [pe1-a]CORE1 CPU using rate is 29.08%
[   55124](PE2) [pe2-a]CORE2 CPU using rate is 30.21%

[DBG]Time(55000-56000) Page1 [CORE1]
tskid:cpuusage
   01: 0.000
   02: 0.000
   03: 0.000
   04: 0.000
   05: 0.000
   07: 0.176
   08: 4.683
   09: 7.127
   10: 0.215
   11: 0.382

[DBG]Time(55000-56000) Page2 [CORE1]
tskid:cpuusage
   12: 0.217
   13: 0.242
   14: 1.583
   15: 0.171
   17: 0.000
   19: 0.141
   20: 0.000
   21: 0.118
   27: 0.195

[DBG]Time(55000-56000) Page1 [CORE2]
tskid:cpuusage
   07: 0.181
   09: 0.169
   22: 4.099
   23: 3.942
   24: 0.000
   25: 0.000
   27: 0.238
   28: 1.078
   29: 3.121
   30: 7.725

[DBG]Time(55000-56000) Page2 [CORE2]
tskid:cpuusage
   31: 0.000
   32: 0.224
   33: 0.958
   34: 7.311
[   56124](PE1) [pe1-a]CORE1 CPU using rate is 29.20%
[   56124](PE2) [pe2-a]CORE2 CPU using rate is 31.01%

[DBG]Time(56000-57000) Page1 [CORE1]
tskid:cpuusage
   01: 0.000
   02: 0.000
   03: 0.000
   04: 0.000
   05: 0.000
   07: 0.176
   08: 4.693
   09: 7.162
   10: 0.237
   11: 0.375

[DBG]Time(56000-57000) Page2 [CORE1]
tskid:cpuusage
   12: 0.209
   13: 0.243
   14: 1.411
   15: 0.164
   17: 0.000
   19: 0.144
   20: 0.000
   21: 0.120
   27: 0.196

[DBG]Time(56000-57000) Page1 [CORE2]
tskid:cpuusage
   07: 0.182
   09: 0.176
   22: 3.934
   23: 2.628
   24: 0.000
   25: 0.000
   27: 0.238
   28: 1.073
   29: 3.110
   30: 7.663

[DBG]Time(56000-57000) Page2 [CORE2]
tskid:cpuusage
   31: 0.000
   32: 0.224
   33: 0.962
   34: 7.101
[   57124](PE1) [pe1-a]CORE1 CPU using rate is 29.12%
[   57124](PE2) [pe2-a]CORE2 CPU using rate is 30.18%

[DBG]Time(57000-58000) Page1 [CORE1]
tskid:cpuusage
   01: 0.000
   02: 0.000
   03: 0.000
   04: 0.000
   05: 0.000
   07: 0.177
   08: 4.680
   09: 7.169
   10: 0.247
   11: 0.375

[DBG]Time(57000-58000) Page2 [CORE1]
tskid:cpuusage
   12: 0.229
   13: 0.255
   14: 1.505
   15: 0.161
   17: 0.000
   19: 0.132
   20: 0.000
   21: 0.117
   27: 0.197

[DBG]Time(57000-58000) Page1 [CORE2]
tskid:cpuusage
   07: 0.181
   09: 0.181
   22: 2.824
   23: 3.516
   24: 0.000
   25: 0.000
   27: 0.240
   28: 1.076
   29: 3.162
   30: 7.765

[DBG]Time(57000-58000) Page2 [CORE2]
tskid:cpuusage
   31: 0.000
   32: 0.225
   33: 0.960
   34: 6.664
[   58124](PE1) [pe1-a]CORE1 CPU using rate is 29.26%
[   58124](PE2) [pe2-a]CORE2 CPU using rate is 29.53%

[DBG]Time(58000-59000) Page1 [CORE1]
tskid:cpuusage
   01: 0.000
   02: 0.000
   03: 0.000
   04: 0.000
   05: 0.000
   07: 0.182
   08: 4.932
   09: 7.157
   10: 0.260
   11: 0.391

[DBG]Time(58000-59000) Page2 [CORE1]
tskid:cpuusage
   12: 0.338
   13: 0.248
   14: 1.572
   15: 0.170
   17: 0.000
   19: 0.144
   20: 0.000
   21: 0.126
   27: 0.201

[DBG]Time(58000-59000) Page1 [CORE2]
tskid:cpuusage
   07: 0.185
   09: 0.222
   22: 0.341
   23: 2.848
   24: 0.000
   25: 0.000
   27: 0.244
   28: 1.095
   29: 3.094
   30: 7.647

[DBG]Time(58000-59000) Page2 [CORE2]
tskid:cpuusage
   31: 0.000
   32: 0.224
   33: 0.979
   34: 6.450
[   59124](PE1) [pe1-a]CORE1 CPU using rate is 29.50%
[   59124](PE2) [pe2-a]CORE2 CPU using rate is 27.67%

[DBG]Time(59000-60000) Page1 [CORE1]
tskid:cpuusage
   01: 0.000
   02: 0.000
   03: 0.000
   04: 0.000
   05: 0.000
   07: 0.174
   08: 4.696
   09: 7.175
   10: 0.211
   11: 0.374

[DBG]Time(59000-60000) Page2 [CORE1]
tskid:cpuusage
   12: 0.224
   13: 0.242
   14: 1.499
   15: 0.170
   17: 0.000
   19: 0.165
   20: 0.000
   21: 0.127
   27: 0.195

[DBG]Time(59000-60000) Page1 [CORE2]
tskid:cpuusage
   07: 0.183
   09: 0.175
   22: 0.547
   23: 4.884
   24: 0.000
   25: 0.000
   27: 0.239
   28: 1.078
   29: 3.084
   30: 7.696

[DBG]Time(59000-60000) Page2 [CORE2]
tskid:cpuusage
   31: 0.000
   32: 0.224
   33: 0.959
   34:10.050
[   60124](PE1) [pe1-a]CORE1 CPU using rate is 29.22%
[   60124](PE2) [pe2-a]CORE2 CPU using rate is 29.17%

[DBG]Time(60000-61000) Page1 [CORE1]
tskid:cpuusage
   01: 0.000
   02: 0.000
   03: 0.000
   04: 0.000
   05: 0.000
   07: 0.177
   08: 4.698
   09: 7.191
   10: 0.294
   11: 0.374

[DBG]Time(60000-61000) Page2 [CORE1]
tskid:cpuusage
   12: 0.220
   13: 0.242
   14: 1.510
   15: 0.165
   17: 0.000
   19: 0.140
   20: 0.000
   21: 0.121
   27: 0.195

[DBG]Time(60000-61000) Page1 [CORE2]
tskid:cpuusage
   07: 0.182
   09: 0.166
   22: 0.532
   23: 3.211
   24: 0.000
   25: 0.000
   27: 0.241
   28: 1.073
   29: 3.129
   30: 7.678

[DBG]Time(60000-61000) Page2 [CORE2]
tskid:cpuusage
   31: 0.000
   32: 0.223
   33: 0.965
   34: 8.185
[   61124](PE1) [pe1-a]CORE1 CPU using rate is 29.12%
[   61124](PE2) [pe2-a]CORE2 CPU using rate is 28.51%

[DBG]Time(61000-62000) Page1 [CORE1]
tskid:cpuusage
   01: 0.000
   02: 0.000
   03: 0.000
   04: 0.000
   05: 0.000
   07: 0.175
   08: 4.678
   09: 7.149
   10: 0.220
   11: 0.372

[DBG]Time(61000-62000) Page2 [CORE1]
tskid:cpuusage
   12: 0.211
   13: 0.246
   14: 1.556
   15: 0.169
   17: 0.000
   19: 0.137
   20: 0.000
   21: 0.118
   27: 0.195

[DBG]Time(61000-62000) Page1 [CORE2]
tskid:cpuusage
   07: 0.182
   09: 0.159
   22: 0.400
   23: 3.988
   24: 0.000
   25: 0.000
   27: 0.237
   28: 1.075
   29: 3.104
   30: 7.710

[DBG]Time(61000-62000) Page2 [CORE2]
tskid:cpuusage
   31: 0.000
   32: 0.224
   33: 0.960
   34: 7.039
[   62124](PE1) [pe1-a]CORE1 CPU using rate is 29.13%
[   62124](PE2) [pe2-a]CORE2 CPU using rate is 28.94%

[DBG]Time(62000-63000) Page1 [CORE1]
tskid:cpuusage
   01: 0.000
   02: 0.000
   03: 0.000
   04: 0.000
   05: 0.000
   07: 0.176
   08: 4.691
   09: 7.136
   10: 0.264
   11: 0.379

[DBG]Time(62000-63000) Page2 [CORE1]
tskid:cpuusage
   12: 0.213
   13: 0.241
   14: 1.481
   15: 0.175
   17: 0.000
   19: 0.155
   20: 0.000
   21: 0.116
   27: 0.191

[DBG]Time(62000-63000) Page1 [CORE2]
tskid:cpuusage
   07: 0.183
   09: 0.162
   22: 0.364
   23: 2.864
   24: 0.000
   25: 0.000
   27: 0.237
   28: 1.073
   29: 3.083
   30: 7.661

[DBG]Time(62000-63000) Page2 [CORE2]
tskid:cpuusage
   31: 0.000
   32: 0.223
   33: 0.959
   34: 7.298
[   63124](PE1) [pe1-a]CORE1 CPU using rate is 29.12%
[   63124](PE2) [pe2-a]CORE2 CPU using rate is 28.58%

[DBG]Time(63000-64000) Page1 [CORE1]
tskid:cpuusage
   01: 0.000
   02: 0.000
   03: 0.000
   04: 0.000
   05: 0.000
   07: 0.176
   08: 4.686
   09: 7.146
   10: 0.255
   11: 0.373

[DBG]Time(63000-64000) Page2 [CORE1]
tskid:cpuusage
   12: 0.229
   13: 0.246
   14: 1.570
   15: 0.166
   17: 0.000
   19: 0.134
   20: 0.000
   21: 0.118
   27: 0.188

[DBG]Time(63000-64000) Page1 [CORE2]
tskid:cpuusage
   07: 0.181
   09: 0.173
   22: 0.352
   23: 3.372
   24: 0.000
   25: 0.000
   27: 0.238
   28: 1.076
   29: 3.112
   30: 7.660

[DBG]Time(63000-64000) Page2 [CORE2]
tskid:cpuusage
   31: 0.000
   32: 0.224
   33: 0.961
   34: 6.650
[   64124](PE1) [pe1-a]CORE1 CPU using rate is 29.19%
[   64124](PE2) [pe2-a]CORE2 CPU using rate is 28.47%

[DBG]Time(64000-65000) Page1 [CORE1]
tskid:cpuusage
   01: 0.000
   02: 0.000
   03: 0.000
   04: 0.000
   05: 0.000
   07: 0.181
   08: 4.935
   09: 7.175
   10: 0.303
   11: 0.393

[DBG]Time(64000-65000) Page2 [CORE1]
tskid:cpuusage
   12: 0.221
   13: 0.277
   14: 1.720
   15: 0.171
   17: 0.000
   19: 0.140
   20: 0.000
   21: 0.357
   27: 0.201

[DBG]Time(64000-65000) Page1 [CORE2]
tskid:cpuusage
   07: 0.185
   09: 0.179
   22: 0.384
   23: 2.760
   24: 0.000
   25: 0.000
   27: 0.241
   28: 1.095
   29: 3.103
   30: 7.653

[DBG]Time(64000-65000) Page2 [CORE2]
tskid:cpuusage
   31: 0.000
   32: 0.223
   33: 0.978
   34: 6.353
[   65124](PE1) [pe1-a]CORE1 CPU using rate is 29.42%
[   65124](PE2) [pe2-a]CORE2 CPU using rate is 27.66%

[DBG]Time(65000-66000) Page1 [CORE1]
tskid:cpuusage
   01: 0.000
   02: 0.000
   03: 0.000
   04: 0.000
   05: 0.000
   07: 0.174
   08: 4.700
   09: 7.119
   10: 0.227
   11: 0.380

[DBG]Time(65000-66000) Page2 [CORE1]
tskid:cpuusage
   12: 0.219
   13: 0.258
   14: 1.607
   15: 0.179
   17: 0.000
   19: 0.138
   20: 0.000
   21: 0.117
   27: 0.188

[DBG]Time(65000-66000) Page1 [CORE2]
tskid:cpuusage
   07: 0.183
   09: 0.185
   22: 0.622
   23: 4.851
   24: 0.000
   25: 0.000
   27: 0.237
   28: 1.076
   29: 3.103
   30: 7.795

[DBG]Time(65000-66000) Page2 [CORE2]
tskid:cpuusage
   31: 0.000
   32: 0.222
   33: 0.962
   34: 9.974
[   66124](PE1) [pe1-a]CORE1 CPU using rate is 29.14%
[   66124](PE2) [pe2-a]CORE2 CPU using rate is 29.07%

[DBG]Time(66000-67000) Page1 [CORE1]
tskid:cpuusage
   01: 0.000
   02: 0.000
   03: 0.000
   04: 0.000
   05: 0.000
   07: 0.177
   08: 4.695
   09: 7.188
   10: 0.295
   11: 0.378

[DBG]Time(66000-67000) Page2 [CORE1]
tskid:cpuusage
   12: 0.226
   13: 0.253
   14: 1.824
   15: 0.168
   17: 0.000
   19: 0.150
   20: 0.000
   21: 0.136
   27: 0.191

[DBG]Time(66000-67000) Page1 [CORE2]
tskid:cpuusage
   07: 0.182
   09: 0.160
   22: 0.449
   23: 3.337
   24: 0.000
   25: 0.000
   27: 0.240
   28: 1.079
   29: 3.112
   30: 7.782

[DBG]Time(66000-67000) Page2 [CORE2]
tskid:cpuusage
   31: 0.000
   32: 0.222
   33: 0.964
   34: 7.674
[   67124](PE1) [pe1-a]CORE1 CPU using rate is 29.07%
[   67124](PE2) [pe2-a]CORE2 CPU using rate is 28.51%

[DBG]Time(67000-68000) Page1 [CORE1]
tskid:cpuusage
   01: 0.000
   02: 0.000
   03: 0.000
   04: 0.000
   05: 0.000
   07: 0.177
   08: 4.688
   09: 7.167
   10: 0.212
   11: 0.371

[DBG]Time(67000-68000) Page2 [CORE1]
tskid:cpuusage
   12: 0.210
   13: 0.260
   14: 1.754
   15: 0.169
   17: 0.000
   19: 0.137
   20: 0.000
   21: 0.122
   27: 0.189

[DBG]Time(67000-68000) Page1 [CORE2]
tskid:cpuusage
   07: 0.182
   09: 0.181
   22: 0.428
   23: 3.589
   24: 0.000
   25: 0.000
   27: 0.237
   28: 1.077
   29: 3.121
   30: 7.669

[DBG]Time(67000-68000) Page2 [CORE2]
tskid:cpuusage
   31: 0.000
   32: 0.222
   33: 0.958
   34: 7.019
[   68124](PE1) [pe1-a]CORE1 CPU using rate is 29.14%
[   68124](PE2) [pe2-a]CORE2 CPU using rate is 28.92%

[DBG]Time(68000-69000) Page1 [CORE1]
tskid:cpuusage
   01: 0.000
   02: 0.000
   03: 0.000
   04: 0.000
   05: 0.000
   07: 0.175
   08: 4.678
   09: 7.114
   10: 0.232
   11: 0.371

[DBG]Time(68000-69000) Page2 [CORE1]
tskid:cpuusage
   12: 0.209
   13: 0.253
   14: 1.846
   15: 0.198
   17: 0.000
   19: 0.205
   20: 0.000
   21: 0.119
   27: 0.195

[DBG]Time(68000-69000) Page1 [CORE2]
tskid:cpuusage
   07: 0.181
   09: 0.160
   22: 0.376
   23: 2.760
   24: 0.000
   25: 0.000
   27: 0.238
   28: 1.076
   29: 3.099
   30: 7.667

[DBG]Time(68000-69000) Page2 [CORE2]
tskid:cpuusage
   31: 0.000
   32: 0.222
   33: 0.959
   34: 7.009
[   69124](PE1) [pe1-a]CORE1 CPU using rate is 29.08%
[   69124](PE2) [pe2-a]CORE2 CPU using rate is 28.40%

[DBG]Time(69000-70000) Page1 [CORE1]
tskid:cpuusage
   01: 0.000
   02: 0.000
   03: 0.000
   04: 0.000
   05: 0.000
   07: 0.176
   08: 4.693
   09: 7.196
   10: 0.252
   11: 0.379

[DBG]Time(69000-70000) Page2 [CORE1]
tskid:cpuusage
   12: 0.458
   13: 0.245
   14: 2.205
   15: 0.350
   17: 0.000
   19: 0.306
   20: 0.000
   21: 0.122
   27: 0.193

[DBG]Time(69000-70000) Page1 [CORE2]
tskid:cpuusage
   07: 0.182
   09: 0.160
   22: 0.359
   23: 3.415
   24: 0.000
   25: 0.000
   27: 0.240
   28: 1.073
   29: 3.113
   30: 7.665

[DBG]Time(69000-70000) Page2 [CORE2]
tskid:cpuusage
   31: 0.000
   32: 0.338
   33: 0.961
   34: 6.855
[   70124](PE1) [pe1-a]CORE1 CPU using rate is 29.15%
[   70124](PE2) [pe2-a]CORE2 CPU using rate is 28.58%

[DBG]Time(70000-71000) Page1 [CORE1]
tskid:cpuusage
   01: 0.000
   02: 0.000
   03: 0.000
   04: 0.000
   05: 0.000
   07: 0.180
   08: 4.916
   09: 7.163
   10: 0.235
   11: 0.398

[DBG]Time(70000-71000) Page2 [CORE1]
tskid:cpuusage
   12: 0.309
   13: 0.251
   14: 2.371
   15: 0.258
   17: 0.000
   19: 0.203
   20: 0.000
   21: 0.124
   27: 0.202

[DBG]Time(70000-71000) Page1 [CORE2]
tskid:cpuusage
   07: 0.186
   09: 0.181
   22: 0.444
   23: 2.544
   24: 0.000
   25: 0.000
   27: 0.243
   28: 1.094
   29: 3.098
   30: 7.662

[DBG]Time(70000-71000) Page2 [CORE2]
tskid:cpuusage
   31: 0.000
   32: 0.223
   33: 0.979
   34: 6.332
[   71124](PE1) [pe1-a]CORE1 CPU using rate is 29.39%
[   71124](PE2) [pe2-a]CORE2 CPU using rate is 27.76%
